#
# A fatal error has been detected by the Java Runtime Environment:
#
#  SIGSEGV (0xb) at pc=0x000000011b0f46ba, pid=48034, tid=85515
#
# JRE version: Java(TM) SE Runtime Environment (7.0_51-b13) (build 1.7.0_51-b13)
# Java VM: Java HotSpot(TM) 64-Bit Server VM (24.51-b03 mixed mode bsd-amd64 compressed oops)
# Problematic frame:
# C  [libopencv_java248.dylib+0x116ba]  Java_org_opencv_core_Mat_nGet+0xaa
#
# Failed to write core dump. Core dumps have been disabled. To enable core dumping, try "ulimit -c unlimited" before starting Java again
#
# If you would like to submit a bug report, please visit:
#   http://bugreport.sun.com/bugreport/crash.jsp
# The crash happened outside the Java Virtual Machine in native code.
# See problematic frame for where to report the bug.
#

---------------  T H R E A D  ---------------

Current thread (0x00007f81d6a16000):  JavaThread "Thread-2" [_thread_in_native, id=85515, stack(0x000000012888e000,0x000000012898e000)]

siginfo:si_signo=SIGSEGV: si_errno=0, si_code=1 (SEGV_MAPERR), si_addr=0x0000000136e49a81

Registers:
RAX=0xffffffffffffffc0, RBX=0x000000000000037b, RCX=0x0000000136e49a81, RDX=0x000000000000037b
RSP=0x000000012898c780, RBP=0x000000012898d818, RSI=0x0000000000000000, RDI=0xfffffffffffa6000
R8 =0x000000000000037b, R9 =0x00000007b3631d38, R10=0x000000010b66b66c, R11=0x000000010aea02a7
R12=0x00007f81d6a161e8, R13=0x00007f81d45624f0, R14=0x00000000ffffffc0, R15=0x00007f81d649d150
RIP=0x000000011b0f46ba, EFLAGS=0x0000000000010207, ERR=0x0000000000000004
  TRAPNO=0x000000000000000e

Top of Stack: (sp=0x000000012898c780)
0x000000012898c780:   4092b00000000000 4065c00000000000
0x000000012898c790:   4092b00000000000 4065c00000000000
0x000000012898c7a0:   0000000000000000 0000000000000080
0x000000012898c7b0:   0a93008000000000 00007f81d593bcc0
0x000000012898c7c0:   000000010a91c000 0000000000000080
0x000000012898c7d0:   0000000100000000 000000010a937e00
0x000000012898c7e0:   0000000100000000 00007fff00000000
0x000000012898c7f0:   0000000000000000 0000000200000000
0x000000012898c800:   000000000000ff98 0000000000000000
0x000000012898c810:   fffffffffffffffe 0000000000000080
0x000000012898c820:   000000010a91d170 000000010a937e04
0x000000012898c830:   0000000100000000 0000000200000000
0x000000012898c840:   0000000100000000 00007fff00000000
0x000000012898c850:   0a93000900000000 00007f8100000000
0x000000012898c860:   0000000100000000 00000006fb600009
0x000000012898c870:   000000010a937e00 0000000000000000
0x000000012898c880:   000000000000000c 000000000000000c
0x000000012898c890:   000000000000ff98 000000010a91c000
0x000000012898c8a0:   000000012898c8d0 00007fff8adc9183
0x000000012898c8b0:   000000010a94c000 000000000000ff98
0x000000012898c8c0:   0000000000000060 0000000000000060
0x000000012898c8d0:   000000012898c8f0 00007fff8adc9bd7
0x000000012898c8e0:   0000000000000000 000000000000ff80
0x000000012898c8f0:   000000012898d7b8 000000011b1b5713
0x000000012898c900:   000000012898c930 00007fff8adc9183
0x000000012898c910:   000000010a94c000 0000000000000000
0x000000012898c920:   000000000000001c 00000000fb60fec8
0x000000012898c930:   ffffffff00000000 000000010a91c000
0x000000012898c940:   000000012898c970 00007fff8adc9183
0x000000012898c950:   000000010a94c000 0000000000001018
0x000000012898c960:   0000000000000000 00007f81d45c30d0
0x000000012898c970:   0000000000000000 000000011b21df54 

Instructions: (pc=0x000000011b0f46ba)
0x000000011b0f469a:   84 00 00 00 00 00 49 8b 4f 48 48 8b 39 48 0f af
0x000000011b0f46aa:   f8 48 8b 49 08 48 0f af ca 48 01 f9 49 03 4f 10
0x000000011b0f46ba:   0f b6 1c 0e f2 0f 2a c3 f2 0f 11 04 f4 48 ff c6
0x000000011b0f46ca:   41 8b 0f 89 cb c1 eb 03 81 e3 ff 01 00 00 ff c3 

Register to memory mapping:

RAX=0xffffffffffffffc0 is an unknown value
RBX=0x000000000000037b is an unknown value
RCX=0x0000000136e49a81 is an unknown value
RDX=0x000000000000037b is an unknown value
RSP=0x000000012898c780 is pointing into the stack for thread: 0x00007f81d6a16000
RBP=0x000000012898d818 is pointing into the stack for thread: 0x00007f81d6a16000
RSI=0x0000000000000000 is an unknown value
RDI=0xfffffffffffa6000 is an unknown value
R8 =0x000000000000037b is an unknown value
R9 =0x00000007b3631d38 is an oop
java.io.FileDescriptor 
 - klass: 'java/io/FileDescriptor'
R10=0x000000010b66b66c is at code_begin+620 in an Interpreter codelet
method entry point (kind = native)  [0x000000010b66b400, 0x000000010b66bc40]  2112 bytes
R11=0x000000010aea02a7: throw_unsatisfied_link_error+0 in /Library/Java/JavaVirtualMachines/jdk1.7.0_51.jdk/Contents/Home/jre/lib/server/libjvm.dylib at 0x000000010aa30000
R12=0x00007f81d6a161e8 is an unknown value
R13=0x00007f81d45624f0 is an unknown value
R14=0x00000000ffffffc0 is an unknown value
R15=0x00007f81d649d150 is an unknown value


Stack: [0x000000012888e000,0x000000012898e000],  sp=0x000000012898c780,  free space=1017k
Native frames: (J=compiled Java code, j=interpreted, Vv=VM code, C=native code)
C  [libopencv_java248.dylib+0x116ba]  Java_org_opencv_core_Mat_nGet+0xaa
j  org.opencv.core.Mat.get(II)[D+6
j  robot.camera.Camera.thresholdWalls(Lorg/opencv/core/Mat;Lorg/opencv/core/Mat;)Lorg/opencv/core/Mat;+212
j  robot.camera.Camera.findBlueWalls(Z)Ljava/util/List;+73
j  robot.camera.Camera.run()V+93
v  ~StubRoutines::call_stub
V  [libjvm.dylib+0x2d6bb0]
V  [libjvm.dylib+0x2d70c7]
V  [libjvm.dylib+0x2d7204]
V  [libjvm.dylib+0x3261ea]
V  [libjvm.dylib+0x4efb57]
V  [libjvm.dylib+0x4f125f]
V  [libjvm.dylib+0x41b1d6]
C  [libsystem_c.dylib+0x14772]  _pthread_start+0x147
C  [libsystem_c.dylib+0x11a1]  thread_start+0xd

Java frames: (J=compiled Java code, j=interpreted, Vv=VM code)
j  org.opencv.core.Mat.nGet(JII)[D+0
j  org.opencv.core.Mat.get(II)[D+6
j  robot.camera.Camera.thresholdWalls(Lorg/opencv/core/Mat;Lorg/opencv/core/Mat;)Lorg/opencv/core/Mat;+212
j  robot.camera.Camera.findBlueWalls(Z)Ljava/util/List;+73
j  robot.camera.Camera.run()V+93
v  ~StubRoutines::call_stub

---------------  P R O C E S S  ---------------

Java Threads: ( => current thread )
  0x00007f81d6a13000 JavaThread "DestroyJavaVM" [_thread_blocked, id=6403, stack(0x000000010b484000,0x000000010b584000)]
=>0x00007f81d6a16000 JavaThread "Thread-2" [_thread_in_native, id=85515, stack(0x000000012888e000,0x000000012898e000)]
  0x00007f81d6a01000 JavaThread "Thread-4" [_thread_blocked, id=82947, stack(0x00000001286f8000,0x00000001287f8000)]
  0x00007f81d6a00000 JavaThread "Thread-3" [_thread_in_native, id=82435, stack(0x00000001285f5000,0x00000001286f5000)]
  0x00007f81d69fd000 JavaThread "Thread-0" [_thread_in_Java, id=81703, stack(0x00000001284ab000,0x00000001285ab000)]
  0x00007f81d6866800 JavaThread "AWT-EventQueue-0" [_thread_blocked, id=79131, stack(0x0000000124048000,0x0000000124148000)]
  0x00007f81d383e800 JavaThread "Java2D Disposer" daemon [_thread_blocked, id=73739, stack(0x0000000121660000,0x0000000121760000)]
  0x00007f81d808d000 JavaThread "Java2D Queue Flusher" daemon [_thread_blocked, id=61463, stack(0x000000011d10b000,0x000000011d20b000)]
  0x00007f81d6846800 JavaThread "AWT-Shutdown" [_thread_blocked, id=59655, stack(0x000000011cb8f000,0x000000011cc8f000)]
  0x00007f81d3824800 JavaThread "AppKit Thread" daemon [_thread_in_native, id=1799, stack(0x00007fff54afd000,0x00007fff552fd000)]
  0x00007f81d802d000 JavaThread "Service Thread" daemon [_thread_blocked, id=25091, stack(0x000000011ae7d000,0x000000011af7d000)]
  0x00007f81d802c000 JavaThread "C2 CompilerThread1" daemon [_thread_blocked, id=24579, stack(0x000000011ad7a000,0x000000011ae7a000)]
  0x00007f81d802a800 JavaThread "C2 CompilerThread0" daemon [_thread_blocked, id=24067, stack(0x000000011ac77000,0x000000011ad77000)]
  0x00007f81d8023800 JavaThread "Signal Dispatcher" daemon [_thread_blocked, id=23555, stack(0x000000011ab74000,0x000000011ac74000)]
  0x00007f81d800e000 JavaThread "Finalizer" daemon [_thread_blocked, id=18947, stack(0x000000011a923000,0x000000011aa23000)]
  0x00007f81d800b000 JavaThread "Reference Handler" daemon [_thread_blocked, id=18435, stack(0x000000011a820000,0x000000011a920000)]

Other Threads:
  0x00007f81d800a800 VMThread [stack: 0x000000011a71d000,0x000000011a81d000] [id=17923]
  0x00007f81d800f800 WatcherThread [stack: 0x000000011af80000,0x000000011b080000] [id=25603]

VM state:not at safepoint (normal execution)

VM Mutex/Monitor currently owned by a thread: None

Heap
 PSYoungGen      total 142848K, used 65647K [0x00000007aaa80000, 0x00000007b4080000, 0x0000000800000000)
  eden space 132096K, 42% used [0x00000007aaa80000,0x00000007ae0e03e8,0x00000007b2b80000)
  from space 10752K, 92% used [0x00000007b3600000,0x00000007b3fbb8b0,0x00000007b4080000)
  to   space 10752K, 0% used [0x00000007b2b80000,0x00000007b2b80000,0x00000007b3600000)
 ParOldGen       total 174592K, used 105526K [0x0000000700000000, 0x000000070aa80000, 0x00000007aaa80000)
  object space 174592K, 60% used [0x0000000700000000,0x000000070670d848,0x000000070aa80000)
 PSPermGen       total 21504K, used 9000K [0x00000006fae00000, 0x00000006fc300000, 0x0000000700000000)
  object space 21504K, 41% used [0x00000006fae00000,0x00000006fb6ca388,0x00000006fc300000)

Card table byte_map: [0x000000010e719000,0x000000010ef43000] byte_map_base: 0x000000010af42000

Polling page: 0x000000010b5c3000

Code Cache  [0x000000010b659000, 0x000000010b8c9000, 0x000000010e659000)
 total_blobs=642 nmethods=49 adapters=548 free_code_cache=48424Kb largest_free_block=49555776

Compilation events (10 events):
Event: 3.594 Thread 0x00007f81d802a800 nmethod 45% 0x000000010b702ed0 code [0x000000010b703040, 0x000000010b703358]
Event: 3.599 Thread 0x00007f81d802c000 nmethod 44% 0x000000010b70d450 code [0x000000010b70d6a0, 0x000000010b70dd98]
Event: 3.607 Thread 0x00007f81d802a800   46             sun.awt.image.ByteInterleavedRaster::putByteData (834 bytes)
Event: 3.608 Thread 0x00007f81d802c000   47             sun.awt.image.OffScreenImageSource::sendPixels (733 bytes)
Event: 3.640 Thread 0x00007f81d802c000 nmethod 47 0x000000010b7128d0 code [0x000000010b712b00, 0x000000010b713810]
Event: 3.640 Thread 0x00007f81d802c000   48             java.util.Arrays::binarySearch0 (95 bytes)
Event: 3.642 Thread 0x00007f81d802c000 nmethod 48 0x000000010b6f7f90 code [0x000000010b6f80e0, 0x000000010b6f8298]
Event: 3.642 Thread 0x00007f81d802c000   49             sun.java2d.loops.GraphicsPrimitiveMgr$2::compare (39 bytes)
Event: 3.643 Thread 0x00007f81d802c000 nmethod 49 0x000000010b6f5c50 code [0x000000010b6f5da0, 0x000000010b6f5e98]
Event: 3.663 Thread 0x00007f81d802a800 nmethod 46 0x000000010b714290 code [0x000000010b714480, 0x000000010b715b18]

GC Heap History (8 events):
Event: 3.856 GC heap before
{Heap before GC invocations=1 (full 0):
 PSYoungGen      total 76800K, used 66048K [0x00000007aaa80000, 0x00000007b0000000, 0x0000000800000000)
  eden space 66048K, 100% used [0x00000007aaa80000,0x00000007aeb00000,0x00000007aeb00000)
  from space 10752K, 0% used [0x00000007af580000,0x00000007af580000,0x00000007b0000000)
  to   space 10752K, 0% used [0x00000007aeb00000,0x00000007aeb00000,0x00000007af580000)
 ParOldGen       total 174592K, used 0K [0x0000000700000000, 0x000000070aa80000, 0x00000007aaa80000)
  object space 174592K, 0% used [0x0000000700000000,0x0000000700000000,0x000000070aa80000)
 PSPermGen       total 21504K, used 8997K [0x00000006fae00000, 0x00000006fc300000, 0x0000000700000000)
  object space 21504K, 41% used [0x00000006fae00000,0x00000006fb6c9520,0x00000006fc300000)
Event: 3.870 GC heap after
Heap after GC invocations=1 (full 0):
 PSYoungGen      total 76800K, used 10740K [0x00000007aaa80000, 0x00000007b0000000, 0x0000000800000000)
  eden space 66048K, 0% used [0x00000007aaa80000,0x00000007aaa80000,0x00000007aeb00000)
  from space 10752K, 99% used [0x00000007aeb00000,0x00000007af57d290,0x00000007af580000)
  to   space 10752K, 0% used [0x00000007af580000,0x00000007af580000,0x00000007b0000000)
 ParOldGen       total 174592K, used 26775K [0x0000000700000000, 0x000000070aa80000, 0x00000007aaa80000)
  object space 174592K, 15% used [0x0000000700000000,0x0000000701a25eb8,0x000000070aa80000)
 PSPermGen       total 21504K, used 8997K [0x00000006fae00000, 0x00000006fc300000, 0x0000000700000000)
  object space 21504K, 41% used [0x00000006fae00000,0x00000006fb6c9520,0x00000006fc300000)
}
Event: 4.205 GC heap before
{Heap before GC invocations=2 (full 0):
 PSYoungGen      total 76800K, used 76788K [0x00000007aaa80000, 0x00000007b0000000, 0x0000000800000000)
  eden space 66048K, 100% used [0x00000007aaa80000,0x00000007aeb00000,0x00000007aeb00000)
  from space 10752K, 99% used [0x00000007aeb00000,0x00000007af57d290,0x00000007af580000)
  to   space 10752K, 0% used [0x00000007af580000,0x00000007af580000,0x00000007b0000000)
 ParOldGen       total 174592K, used 26775K [0x0000000700000000, 0x000000070aa80000, 0x00000007aaa80000)
  object space 174592K, 15% used [0x0000000700000000,0x0000000701a25eb8,0x000000070aa80000)
 PSPermGen       total 21504K, used 8997K [0x00000006fae00000, 0x00000006fc300000, 0x0000000700000000)
  object space 21504K, 41% used [0x00000006fae00000,0x00000006fb6c9760,0x00000006fc300000)
Event: 4.224 GC heap after
Heap after GC invocations=2 (full 0):
 PSYoungGen      total 76800K, used 9972K [0x00000007aaa80000, 0x00000007b4080000, 0x0000000800000000)
  eden space 66048K, 0% used [0x00000007aaa80000,0x00000007aaa80000,0x00000007aeb00000)
  from space 10752K, 92% used [0x00000007af580000,0x00000007aff3d2d0,0x00000007b0000000)
  to   space 10752K, 0% used [0x00000007aeb00000,0x00000007aeb00000,0x00000007af580000)
 ParOldGen       total 174592K, used 54600K [0x0000000700000000, 0x000000070aa80000, 0x00000007aaa80000)
  object space 174592K, 31% used [0x0000000700000000,0x0000000703552368,0x000000070aa80000)
 PSPermGen       total 21504K, used 8997K [0x00000006fae00000, 0x00000006fc300000, 0x0000000700000000)
  object space 21504K, 41% used [0x00000006fae00000,0x00000006fb6c9760,0x00000006fc300000)
}
Event: 4.545 GC heap before
{Heap before GC invocations=3 (full 0):
 PSYoungGen      total 76800K, used 76020K [0x00000007aaa80000, 0x00000007b4080000, 0x0000000800000000)
  eden space 66048K, 100% used [0x00000007aaa80000,0x00000007aeb00000,0x00000007aeb00000)
  from space 10752K, 92% used [0x00000007af580000,0x00000007aff3d2d0,0x00000007b0000000)
  to   space 10752K, 0% used [0x00000007aeb00000,0x00000007aeb00000,0x00000007af580000)
 ParOldGen       total 174592K, used 54600K [0x0000000700000000, 0x000000070aa80000, 0x00000007aaa80000)
  object space 174592K, 31% used [0x0000000700000000,0x0000000703552368,0x000000070aa80000)
 PSPermGen       total 21504K, used 8997K [0x00000006fae00000, 0x00000006fc300000, 0x0000000700000000)
  object space 21504K, 41% used [0x00000006fae00000,0x00000006fb6c9760,0x00000006fc300000)
Event: 4.564 GC heap after
Heap after GC invocations=3 (full 0):
 PSYoungGen      total 76800K, used 9956K [0x00000007aaa80000, 0x00000007b4080000, 0x0000000800000000)
  eden space 66048K, 0% used [0x00000007aaa80000,0x00000007aaa80000,0x00000007aeb00000)
  from space 10752K, 92% used [0x00000007aeb00000,0x00000007af4b92c0,0x00000007af580000)
  to   space 10752K, 0% used [0x00000007b3600000,0x00000007b3600000,0x00000007b4080000)
 ParOldGen       total 174592K, used 83700K [0x0000000700000000, 0x000000070aa80000, 0x00000007aaa80000)
  object space 174592K, 47% used [0x0000000700000000,0x00000007051bd3e8,0x000000070aa80000)
 PSPermGen       total 21504K, used 8997K [0x00000006fae00000, 0x00000006fc300000, 0x0000000700000000)
  object space 21504K, 41% used [0x00000006fae00000,0x00000006fb6c9760,0x00000006fc300000)
}
Event: 4.923 GC heap before
{Heap before GC invocations=4 (full 0):
 PSYoungGen      total 76800K, used 76004K [0x00000007aaa80000, 0x00000007b4080000, 0x0000000800000000)
  eden space 66048K, 100% used [0x00000007aaa80000,0x00000007aeb00000,0x00000007aeb00000)
  from space 10752K, 92% used [0x00000007aeb00000,0x00000007af4b92c0,0x00000007af580000)
  to   space 10752K, 0% used [0x00000007b3600000,0x00000007b3600000,0x00000007b4080000)
 ParOldGen       total 174592K, used 83700K [0x0000000700000000, 0x000000070aa80000, 0x00000007aaa80000)
  object space 174592K, 47% used [0x0000000700000000,0x00000007051bd3e8,0x000000070aa80000)
 PSPermGen       total 21504K, used 9000K [0x00000006fae00000, 0x00000006fc300000, 0x0000000700000000)
  object space 21504K, 41% used [0x00000006fae00000,0x00000006fb6ca388,0x00000006fc300000)
Event: 4.936 GC heap after
Heap after GC invocations=4 (full 0):
 PSYoungGen      total 142848K, used 9966K [0x00000007aaa80000, 0x00000007b4080000, 0x0000000800000000)
  eden space 132096K, 0% used [0x00000007aaa80000,0x00000007aaa80000,0x00000007b2b80000)
  from space 10752K, 92% used [0x00000007b3600000,0x00000007b3fbb8b0,0x00000007b4080000)
  to   space 10752K, 0% used [0x00000007b2b80000,0x00000007b2b80000,0x00000007b3600000)
 ParOldGen       total 174592K, used 105526K [0x0000000700000000, 0x000000070aa80000, 0x00000007aaa80000)
  object space 174592K, 60% used [0x0000000700000000,0x000000070670d848,0x000000070aa80000)
 PSPermGen       total 21504K, used 9000K [0x00000006fae00000, 0x00000006fc300000, 0x0000000700000000)
  object space 21504K, 41% used [0x00000006fae00000,0x00000006fb6ca388,0x00000006fc300000)
}

Deoptimization events (0 events):
No events

Internal exceptions (10 events):
Event: 3.051 Thread 0x00007f81d69fd000 Threw 0x00000007ab3534a8 at /HUDSON/workspace/7u-2-build-macosx-x86_64/jdk7u51/527/hotspot/src/share/vm/prims/jvm.cpp:1244
Event: 3.052 Thread 0x00007f81d7000000 Threw 0x00000007aac8c238 at /HUDSON/workspace/7u-2-build-macosx-x86_64/jdk7u51/527/hotspot/src/share/vm/prims/jvm.cpp:1244
Event: 3.052 Thread 0x00007f81d7000000 Threw 0x00000007aac8f340 at /HUDSON/workspace/7u-2-build-macosx-x86_64/jdk7u51/527/hotspot/src/share/vm/prims/jvm.cpp:1244
Event: 3.052 Thread 0x00007f81d69fd000 Threw 0x00000007ab358268 at /HUDSON/workspace/7u-2-build-macosx-x86_64/jdk7u51/527/hotspot/src/share/vm/prims/jvm.cpp:1244
Event: 3.053 Thread 0x00007f81d7000000 Threw 0x00000007aac92558 at /HUDSON/workspace/7u-2-build-macosx-x86_64/jdk7u51/527/hotspot/src/share/vm/prims/jvm.cpp:1244
Event: 3.160 Thread 0x00007f81d6a16000 Threw 0x00000007ab5e14f0 at /HUDSON/workspace/7u-2-build-macosx-x86_64/jdk7u51/527/hotspot/src/share/vm/prims/jvm.cpp:1244
Event: 3.163 Thread 0x00007f81d6a16000 Threw 0x00000007ab60f898 at /HUDSON/workspace/7u-2-build-macosx-x86_64/jdk7u51/527/hotspot/src/share/vm/prims/jvm.cpp:1244
Event: 3.163 Thread 0x00007f81d6a16000 Threw 0x00000007ab6159a8 at /HUDSON/workspace/7u-2-build-macosx-x86_64/jdk7u51/527/hotspot/src/share/vm/prims/jvm.cpp:1244
Event: 3.164 Thread 0x00007f81d6a16000 Threw 0x00000007ab61bbb0 at /HUDSON/workspace/7u-2-build-macosx-x86_64/jdk7u51/527/hotspot/src/share/vm/prims/jvm.cpp:1244
Event: 3.279 Thread 0x00007f81d6a16000 Threw 0x00000007ab621440 at /HUDSON/workspace/7u-2-build-macosx-x86_64/jdk7u51/527/hotspot/src/share/vm/prims/jvm.cpp:1244

Events (10 events):
Event: 4.941 Executing VM operation: RevokeBias
Event: 4.941 Executing VM operation: RevokeBias done
Event: 4.942 Executing VM operation: RevokeBias
Event: 4.942 Executing VM operation: RevokeBias done
Event: 4.943 Executing VM operation: RevokeBias
Event: 4.943 Executing VM operation: RevokeBias done
Event: 4.943 Executing VM operation: RevokeBias
Event: 4.943 Executing VM operation: RevokeBias done
Event: 4.943 Executing VM operation: BulkRevokeBias
Event: 4.943 Executing VM operation: BulkRevokeBias done


Dynamic libraries:
0x00000000096b2000 	/System/Library/Frameworks/Cocoa.framework/Versions/A/Cocoa
0x00000000096b2000 	/System/Library/Frameworks/Security.framework/Versions/A/Security
0x00000000096b2000 	/System/Library/Frameworks/ApplicationServices.framework/Versions/A/ApplicationServices
0x00000000096b2000 	/usr/lib/libz.1.dylib
0x00000000096b2000 	/usr/lib/libSystem.B.dylib
0x00000000096b2000 	/usr/lib/libobjc.A.dylib
0x00000000096b2000 	/System/Library/Frameworks/CoreFoundation.framework/Versions/A/CoreFoundation
0x00000000096b2000 	/System/Library/Frameworks/Foundation.framework/Versions/C/Foundation
0x00000000096b2000 	/System/Library/Frameworks/AppKit.framework/Versions/C/AppKit
0x00000000096b2000 	/System/Library/Frameworks/CoreData.framework/Versions/A/CoreData
0x00000000096b2000 	/System/Library/PrivateFrameworks/RemoteViewServices.framework/Versions/A/RemoteViewServices
0x00000000096b2000 	/System/Library/Frameworks/AudioToolbox.framework/Versions/A/AudioToolbox
0x00000000096b2000 	/System/Library/Frameworks/AudioUnit.framework/Versions/A/AudioUnit
0x00000000096b2000 	/System/Library/PrivateFrameworks/DataDetectorsCore.framework/Versions/A/DataDetectorsCore
0x00000000096b2000 	/System/Library/PrivateFrameworks/DesktopServicesPriv.framework/Versions/A/DesktopServicesPriv
0x00000000096b2000 	/System/Library/Frameworks/Carbon.framework/Versions/A/Frameworks/HIToolbox.framework/Versions/A/HIToolbox
0x00000000096b2000 	/System/Library/Frameworks/QuartzCore.framework/Versions/A/QuartzCore
0x00000000096b2000 	/System/Library/Frameworks/Carbon.framework/Versions/A/Frameworks/SpeechRecognition.framework/Versions/A/SpeechRecognition
0x00000000096b2000 	/usr/lib/libauto.dylib
0x00000000096b2000 	/usr/lib/libicucore.A.dylib
0x00000000096b2000 	/usr/lib/libxml2.2.dylib
0x00000000096b2000 	/System/Library/PrivateFrameworks/CoreUI.framework/Versions/A/CoreUI
0x00000000096b2000 	/System/Library/Frameworks/CoreAudio.framework/Versions/A/CoreAudio
0x00000000096b2000 	/System/Library/Frameworks/DiskArbitration.framework/Versions/A/DiskArbitration
0x00000000096b2000 	/usr/lib/liblangid.dylib
0x00000000096b2000 	/System/Library/PrivateFrameworks/MultitouchSupport.framework/Versions/A/MultitouchSupport
0x00000000096b2000 	/System/Library/Frameworks/IOKit.framework/Versions/A/IOKit
0x00000000096b2000 	/usr/lib/libDiagnosticMessagesClient.dylib
0x00000000096b2000 	/System/Library/Frameworks/CoreServices.framework/Versions/A/CoreServices
0x00000000096b2000 	/System/Library/PrivateFrameworks/PerformanceAnalysis.framework/Versions/A/PerformanceAnalysis
0x00000000096b2000 	/System/Library/PrivateFrameworks/GenerationalStorage.framework/Versions/A/GenerationalStorage
0x00000000096b2000 	/System/Library/Frameworks/OpenGL.framework/Versions/A/OpenGL
0x00000000096b2000 	/System/Library/Frameworks/CoreText.framework/Versions/A/CoreText
0x00000000096b2000 	/System/Library/Frameworks/ImageIO.framework/Versions/A/ImageIO
0x00000000096b2000 	/System/Library/PrivateFrameworks/Backup.framework/Versions/A/Backup
0x00000000096b2000 	/System/Library/Frameworks/CFNetwork.framework/Versions/A/CFNetwork
0x00000000096b2000 	/System/Library/Frameworks/SystemConfiguration.framework/Versions/A/SystemConfiguration
0x00000000096b2000 	/usr/lib/libCRFSuite.dylib
0x00000000096b2000 	/System/Library/PrivateFrameworks/TCC.framework/Versions/A/TCC
0x00000000096b2000 	/usr/lib/libc++.1.dylib
0x00000000096b2000 	/usr/lib/libc++abi.dylib
0x00000000096b2000 	/usr/lib/system/libcache.dylib
0x00000000096b2000 	/usr/lib/system/libcommonCrypto.dylib
0x00000000096b2000 	/usr/lib/system/libcompiler_rt.dylib
0x00000000096b2000 	/usr/lib/system/libcopyfile.dylib
0x00000000096b2000 	/usr/lib/system/libdispatch.dylib
0x00000000096b2000 	/usr/lib/system/libdnsinfo.dylib
0x00000000096b2000 	/usr/lib/system/libdyld.dylib
0x00000000096b2000 	/usr/lib/system/libkeymgr.dylib
0x00000000096b2000 	/usr/lib/system/liblaunch.dylib
0x00000000096b2000 	/usr/lib/system/libmacho.dylib
0x00000000096b2000 	/usr/lib/system/libquarantine.dylib
0x00000000096b2000 	/usr/lib/system/libremovefile.dylib
0x00000000096b2000 	/usr/lib/system/libsystem_blocks.dylib
0x00000000096b2000 	/usr/lib/system/libsystem_c.dylib
0x00000000096b2000 	/usr/lib/system/libsystem_dnssd.dylib
0x00000000096b2000 	/usr/lib/system/libsystem_info.dylib
0x00000000096b2000 	/usr/lib/system/libsystem_kernel.dylib
0x00000000096b2000 	/usr/lib/system/libsystem_m.dylib
0x00000000096b2000 	/usr/lib/system/libsystem_network.dylib
0x00000000096b2000 	/usr/lib/system/libsystem_notify.dylib
0x00000000096b2000 	/usr/lib/system/libsystem_sandbox.dylib
0x00000000096b2000 	/usr/lib/system/libunc.dylib
0x00000000096b2000 	/usr/lib/system/libunwind.dylib
0x00000000096b2000 	/usr/lib/system/libxpc.dylib
0x00000000096b2000 	/usr/lib/system/libcorecrypto.dylib
0x00000000096b2000 	/usr/lib/libstdc++.6.dylib
0x00000000096b2000 	/usr/lib/libbsm.0.dylib
0x00000000096b2000 	/usr/lib/libsqlite3.dylib
0x00000000096b2000 	/usr/lib/libxar.1.dylib
0x00000000096b2000 	/usr/lib/libpam.2.dylib
0x00000000096b2000 	/usr/lib/libOpenScriptingUtil.dylib
0x00000000096b2000 	/usr/lib/libbz2.1.0.dylib
0x00000000096b2000 	/System/Library/Frameworks/CoreServices.framework/Versions/A/Frameworks/CarbonCore.framework/Versions/A/CarbonCore
0x00000000096b2000 	/System/Library/Frameworks/CoreServices.framework/Versions/A/Frameworks/Metadata.framework/Versions/A/Metadata
0x00000000096b2000 	/System/Library/Frameworks/CoreServices.framework/Versions/A/Frameworks/OSServices.framework/Versions/A/OSServices
0x00000000096b2000 	/System/Library/Frameworks/CoreServices.framework/Versions/A/Frameworks/SearchKit.framework/Versions/A/SearchKit
0x00000000096b2000 	/System/Library/Frameworks/CoreServices.framework/Versions/A/Frameworks/AE.framework/Versions/A/AE
0x00000000096b2000 	/System/Library/Frameworks/CoreServices.framework/Versions/A/Frameworks/LaunchServices.framework/Versions/A/LaunchServices
0x00000000096b2000 	/System/Library/Frameworks/CoreServices.framework/Versions/A/Frameworks/DictionaryServices.framework/Versions/A/DictionaryServices
0x00000000096b2000 	/System/Library/Frameworks/NetFS.framework/Versions/A/NetFS
0x00000000096b2000 	/usr/lib/system/libkxld.dylib
0x00000000096b2000 	/System/Library/PrivateFrameworks/NetAuth.framework/Versions/A/NetAuth
0x00000000096b2000 	/System/Library/Frameworks/OpenDirectory.framework/Versions/A/Frameworks/CFOpenDirectory.framework/Versions/A/CFOpenDirectory
0x00000000096b2000 	/usr/lib/libxslt.1.dylib
0x00000000096b2000 	/System/Library/PrivateFrameworks/FamilyControls.framework/Versions/A/FamilyControls
0x00000000096b2000 	/System/Library/Frameworks/Carbon.framework/Versions/A/Frameworks/Ink.framework/Versions/A/Ink
0x00000000096b2000 	/System/Library/Frameworks/ApplicationServices.framework/Versions/A/Frameworks/CoreGraphics.framework/Versions/A/CoreGraphics
0x00000000096b2000 	/System/Library/Frameworks/ApplicationServices.framework/Versions/A/Frameworks/ATS.framework/Versions/A/ATS
0x00000000096b2000 	/System/Library/Frameworks/ApplicationServices.framework/Versions/A/Frameworks/ColorSync.framework/Versions/A/ColorSync
0x00000000096b2000 	/System/Library/Frameworks/ApplicationServices.framework/Versions/A/Frameworks/HIServices.framework/Versions/A/HIServices
0x00000000096b2000 	/System/Library/Frameworks/ApplicationServices.framework/Versions/A/Frameworks/LangAnalysis.framework/Versions/A/LangAnalysis
0x00000000096b2000 	/System/Library/Frameworks/ApplicationServices.framework/Versions/A/Frameworks/PrintCore.framework/Versions/A/PrintCore
0x00000000096b2000 	/System/Library/Frameworks/ApplicationServices.framework/Versions/A/Frameworks/QD.framework/Versions/A/QD
0x00000000096b2000 	/System/Library/Frameworks/ApplicationServices.framework/Versions/A/Frameworks/SpeechSynthesis.framework/Versions/A/SpeechSynthesis
0x00000000096b2000 	/System/Library/Frameworks/IOSurface.framework/Versions/A/IOSurface
0x00000000096b2000 	/System/Library/Frameworks/Accelerate.framework/Versions/A/Accelerate
0x00000000096b2000 	/System/Library/Frameworks/ApplicationServices.framework/Versions/A/Frameworks/ATS.framework/Versions/A/Resources/libFontParser.dylib
0x00000000096b2000 	/System/Library/Frameworks/ApplicationServices.framework/Versions/A/Frameworks/ATS.framework/Versions/A/Resources/libFontRegistry.dylib
0x00000000096b2000 	/System/Library/Frameworks/Accelerate.framework/Versions/A/Frameworks/vImage.framework/Versions/A/vImage
0x00000000096b2000 	/System/Library/Frameworks/Accelerate.framework/Versions/A/Frameworks/vecLib.framework/Versions/A/vecLib
0x00000000096b2000 	/System/Library/Frameworks/Accelerate.framework/Versions/A/Frameworks/vecLib.framework/Versions/A/libvDSP.dylib
0x00000000096b2000 	/System/Library/Frameworks/Accelerate.framework/Versions/A/Frameworks/vecLib.framework/Versions/A/libvMisc.dylib
0x00000000096b2000 	/System/Library/Frameworks/Accelerate.framework/Versions/A/Frameworks/vecLib.framework/Versions/A/libLAPACK.dylib
0x00000000096b2000 	/System/Library/Frameworks/Accelerate.framework/Versions/A/Frameworks/vecLib.framework/Versions/A/libBLAS.dylib
0x00000000096b2000 	/System/Library/Frameworks/ImageIO.framework/Versions/A/Resources/libJPEG.dylib
0x00000000096b2000 	/System/Library/Frameworks/ImageIO.framework/Versions/A/Resources/libTIFF.dylib
0x00000000096b2000 	/System/Library/Frameworks/ImageIO.framework/Versions/A/Resources/libPng.dylib
0x00000000096b2000 	/System/Library/Frameworks/ImageIO.framework/Versions/A/Resources/libGIF.dylib
0x00000000096b2000 	/System/Library/Frameworks/ImageIO.framework/Versions/A/Resources/libJP2.dylib
0x00000000096b2000 	/System/Library/Frameworks/ImageIO.framework/Versions/A/Resources/libRadiance.dylib
0x00000000096b2000 	/usr/lib/libcups.2.dylib
0x00000000096b2000 	/System/Library/Frameworks/Kerberos.framework/Versions/A/Kerberos
0x00000000096b2000 	/System/Library/Frameworks/GSS.framework/Versions/A/GSS
0x00000000096b2000 	/usr/lib/libresolv.9.dylib
0x00000000096b2000 	/usr/lib/libiconv.2.dylib
0x00000000096b2000 	/System/Library/PrivateFrameworks/Heimdal.framework/Versions/A/Heimdal
0x00000000096b2000 	/System/Library/PrivateFrameworks/TrustEvaluationAgent.framework/Versions/A/TrustEvaluationAgent
0x00000000096b2000 	/System/Library/Frameworks/OpenDirectory.framework/Versions/A/OpenDirectory
0x00000000096b2000 	/System/Library/PrivateFrameworks/CommonAuth.framework/Versions/A/CommonAuth
0x00000000096b2000 	/System/Library/PrivateFrameworks/Bom.framework/Versions/A/Bom
0x00000000096b2000 	/System/Library/Frameworks/CoreVideo.framework/Versions/A/CoreVideo
0x00000000096b2000 	/System/Library/Frameworks/QuartzCore.framework/Versions/A/Frameworks/CoreImage.framework/Versions/A/CoreImage
0x00000000096b2000 	/System/Library/Frameworks/QuartzCore.framework/Versions/A/Frameworks/ScalableUserInterface.framework/Versions/A/ScalableUserInterface
0x00000000096b2000 	/System/Library/Frameworks/OpenGL.framework/Versions/A/Libraries/libGLU.dylib
0x00000000096b2000 	/System/Library/Frameworks/OpenGL.framework/Versions/A/Libraries/libGFXShared.dylib
0x00000000096b2000 	/System/Library/Frameworks/OpenGL.framework/Versions/A/Libraries/libGL.dylib
0x00000000096b2000 	/System/Library/Frameworks/OpenGL.framework/Versions/A/Libraries/libGLImage.dylib
0x00000000096b2000 	/System/Library/Frameworks/OpenGL.framework/Versions/A/Libraries/libCVMSPluginSupport.dylib
0x00000000096b2000 	/System/Library/Frameworks/OpenGL.framework/Versions/A/Libraries/libCoreVMClient.dylib
0x00000000096b2000 	/System/Library/PrivateFrameworks/CrashReporterSupport.framework/Versions/A/CrashReporterSupport
0x00000000096b2000 	/System/Library/Frameworks/OpenCL.framework/Versions/A/OpenCL
0x00000000096b2000 	/System/Library/PrivateFrameworks/FaceCoreLight.framework/Versions/A/FaceCoreLight
0x00000000096b2000 	/System/Library/PrivateFrameworks/AppleFSCompression.framework/Versions/A/AppleFSCompression
0x00000000096b2000 	/System/Library/PrivateFrameworks/Ubiquity.framework/Versions/A/Ubiquity
0x00000000096b2000 	/System/Library/Frameworks/ServiceManagement.framework/Versions/A/ServiceManagement
0x00000000096b2000 	/System/Library/PrivateFrameworks/ChunkingLibrary.framework/Versions/A/ChunkingLibrary
0x00000000096b2000 	/System/Library/Frameworks/vecLib.framework/Versions/A/vecLib
0x00000000096b2000 	/System/Library/Frameworks/SecurityFoundation.framework/Versions/A/SecurityFoundation
0x00000000096b2000 	/System/Library/PrivateFrameworks/CommerceKit.framework/Versions/A/Frameworks/CommerceCore.framework/Versions/A/CommerceCore
0x00000000096b2000 	/System/Library/PrivateFrameworks/CoreSymbolication.framework/Versions/A/CoreSymbolication
0x00000000096b2000 	/System/Library/PrivateFrameworks/Symbolication.framework/Versions/A/Symbolication
0x00000000096b2000 	/System/Library/PrivateFrameworks/DebugSymbols.framework/Versions/A/DebugSymbols
0x000000010aa30000 	/Library/Java/JavaVirtualMachines/jdk1.7.0_51.jdk/Contents/Home/jre/lib/server/libjvm.dylib
0x000000010b586000 	/Library/Java/JavaVirtualMachines/jdk1.7.0_51.jdk/Contents/Home/jre/lib/libverify.dylib
0x000000010b593000 	/Library/Java/JavaVirtualMachines/jdk1.7.0_51.jdk/Contents/Home/jre/lib/libjava.dylib
0x000000010b650000 	/Library/Java/JavaVirtualMachines/jdk1.7.0_51.jdk/Contents/Home/jre/lib/libzip.dylib
0x000000011aa25000 	/System/Library/Frameworks/JavaVM.framework/Frameworks/JavaRuntimeSupport.framework/JavaRuntimeSupport
0x000000011aa3d000 	/System/Library/Frameworks/JavaVM.framework/Versions/A/Frameworks/JavaNativeFoundation.framework/Versions/A/JavaNativeFoundation
0x000000011aa52000 	/System/Library/Frameworks/JavaVM.framework/Versions/A/JavaVM
0x00000000096b2000 	/System/Library/Frameworks/Carbon.framework/Versions/A/Carbon
0x000000011aa5f000 	/System/Library/PrivateFrameworks/JavaLaunching.framework/Versions/A/JavaLaunching
0x00000000096b2000 	/System/Library/Frameworks/Carbon.framework/Versions/A/Frameworks/CommonPanels.framework/Versions/A/CommonPanels
0x00000000096b2000 	/System/Library/Frameworks/Carbon.framework/Versions/A/Frameworks/Help.framework/Versions/A/Help
0x00000000096b2000 	/System/Library/Frameworks/Carbon.framework/Versions/A/Frameworks/ImageCapture.framework/Versions/A/ImageCapture
0x00000000096b2000 	/System/Library/Frameworks/Carbon.framework/Versions/A/Frameworks/OpenScripting.framework/Versions/A/OpenScripting
0x00000000096b2000 	/System/Library/Frameworks/Carbon.framework/Versions/A/Frameworks/Print.framework/Versions/A/Print
0x00000000096b2000 	/System/Library/Frameworks/Carbon.framework/Versions/A/Frameworks/SecurityHI.framework/Versions/A/SecurityHI
0x000000011b0e3000 	/Users/Xearim/opencv-2.4.8/build/lib/libopencv_java248.dylib
0x000000011b1a7000 	/usr/local/lib/libopencv_core.2.4.dylib
0x000000011b43a000 	/usr/local/lib/libopencv_flann.2.4.dylib
0x000000011b4ca000 	/usr/local/lib/libopencv_imgproc.2.4.dylib
0x000000011b7bf000 	/usr/local/lib/libopencv_highgui.2.4.dylib
0x000000011ba00000 	/usr/local/lib/libopencv_features2d.2.4.dylib
0x000000011babb000 	/usr/local/lib/libopencv_calib3d.2.4.dylib
0x000000011bb70000 	/usr/local/lib/libopencv_ml.2.4.dylib
0x000000011bbf5000 	/usr/local/lib/libopencv_video.2.4.dylib
0x000000011bc52000 	/usr/local/lib/libopencv_legacy.2.4.dylib
0x000000011bd79000 	/usr/local/lib/libopencv_objdetect.2.4.dylib
0x000000011be0a000 	/usr/local/lib/libopencv_photo.2.4.dylib
0x000000011be2e000 	/usr/local/lib/libopencv_gpu.2.4.dylib
0x000000011be5b000 	/usr/local/lib/libopencv_ocl.2.4.dylib
0x000000011c04c000 	/usr/local/lib/libopencv_nonfree.2.4.dylib
0x000000011c086000 	/usr/local/lib/libopencv_contrib.2.4.dylib
0x00000000096b2000 	/System/Library/Frameworks/QTKit.framework/Versions/A/QTKit
0x00000000096b2000 	/System/Library/Frameworks/CoreMedia.framework/Versions/A/CoreMedia
0x00000000096b2000 	/System/Library/Frameworks/MediaToolbox.framework/Versions/A/MediaToolbox
0x00000000096b2000 	/System/Library/Frameworks/VideoToolbox.framework/Versions/A/VideoToolbox
0x00000000096b2000 	/System/Library/PrivateFrameworks/CoreMediaAuthoring.framework/Versions/A/CoreMediaAuthoring
0x00000000096b2000 	/System/Library/Frameworks/CoreMediaIO.framework/Versions/A/CoreMediaIO
0x00000000096b2000 	/System/Library/PrivateFrameworks/MediaControlSender.framework/Versions/A/MediaControlSender
0x00000000096b2000 	/System/Library/PrivateFrameworks/CoreAVCHD.framework/Versions/A/CoreAVCHD
0x00000000096b2000 	/System/Library/PrivateFrameworks/CoreAUC.framework/Versions/A/CoreAUC
0x00000000096b2000 	/System/Library/PrivateFrameworks/Apple80211.framework/Versions/A/Apple80211
0x00000000096b2000 	/System/Library/Frameworks/CoreWLAN.framework/Versions/A/CoreWLAN
0x00000000096b2000 	/System/Library/Frameworks/CoreWiFi.framework/Versions/A/CoreWiFi
0x00000000096b2000 	/System/Library/PrivateFrameworks/AppleVA.framework/Versions/A/AppleVA
0x000000011c184000 	/System/Library/Extensions/AppleHDA.kext/Contents/PlugIns/AppleHDAHALPlugIn.bundle/Contents/MacOS/AppleHDAHALPlugIn
0x000000011c1d8000 	/System/Library/Frameworks/CoreMediaIO.framework/Resources/VDC.plugin/Contents/MacOS/VDC
0x000000011c2ae000 	/System/Library/Frameworks/CoreMediaIO.framework/Resources/CMIOUnits.bundle/Contents/MacOS/CMIOUnits
0x000000011c43f000 	/System/Library/PrivateFrameworks/FWAVC.framework/Versions/A/FWAVC
0x00000000096b2000 	/System/Library/Frameworks/ApplicationServices.framework/Versions/A/Frameworks/CoreGraphics.framework/Versions/A/Resources/libCSync.A.dylib
0x000000011c833000 	/Library/Java/JavaVirtualMachines/jdk1.7.0_51.jdk/Contents/Home/jre/lib/libawt.dylib
0x000000011caa1000 	/Library/Java/JavaVirtualMachines/jdk1.7.0_51.jdk/Contents/Home/jre/lib/./libmlib_image.dylib
0x000000011c8e2000 	/Library/Java/JavaVirtualMachines/jdk1.7.0_51.jdk/Contents/Home/jre/lib/lwawt/liblwawt.dylib
0x000000011cb6d000 	/Library/Java/JavaVirtualMachines/jdk1.7.0_51.jdk/Contents/Home/jre/lib/libosxapp.dylib
0x000000011cb87000 	/System/Library/Frameworks/ExceptionHandling.framework/Versions/A/ExceptionHandling
0x00000000096b2000 	/System/Library/PrivateFrameworks/CoreServicesInternal.framework/Versions/A/CoreServicesInternal
0x00000000096b2000 	/System/Library/PrivateFrameworks/Librarian.framework/Versions/A/Librarian
0x00000000096b2000 	/System/Library/Frameworks/ApplicationServices.framework/Versions/A/Frameworks/CoreGraphics.framework/Versions/A/Resources/libRIP.A.dylib
0x00000000096b2000 	/System/Library/Frameworks/ApplicationServices.framework/Versions/A/Frameworks/CoreGraphics.framework/Versions/A/Resources/libCGXType.A.dylib
0x000000011d20d000 	/System/Library/Frameworks/OpenGL.framework/Resources/GLEngine.bundle/GLEngine
0x0000000120d73000 	/System/Library/Frameworks/OpenGL.framework/Versions/A/Libraries/libGLProgrammability.dylib
0x0000000000000000 	/System/Library/Extensions/GeForceGLDriver.bundle/Contents/MacOS/GeForceGLDriver
0x000000011cd24000 	/System/Library/PrivateFrameworks/GPUSupport.framework/Versions/A/Libraries/libGPUSupport.dylib
0x00000000096b2000 	/System/Library/Extensions/GeForceGLDriver.bundle/Contents/MacOS/libclh.dylib
0x0000000120f1b000 	/System/Library/Extensions/AppleIntelHD4000GraphicsGLDriver.bundle/Contents/MacOS/AppleIntelHD4000GraphicsGLDriver
0x000000011cd39000 	/System/Library/PrivateFrameworks/IOAccelerator.framework/Versions/A/IOAccelerator
0x000000011cd46000 	/System/Library/PrivateFrameworks/GPUSupport.framework/Versions/A/Libraries/libGPUSupportMercury.dylib
0x000000011d402000 	/System/Library/Frameworks/OpenGL.framework/Resources//GLRendererFloat.bundle/GLRendererFloat
0x000000011d436000 	/System/Library/Frameworks/OpenCL.framework/Versions/A/Libraries/libcldcpuengine.dylib
0x00000000096b2000 	/System/Library/PrivateFrameworks/DiskImages.framework/Versions/A/DiskImages
0x00000000096b2000 	/System/Library/Frameworks/DiscRecording.framework/Versions/A/DiscRecording
0x00000000096b2000 	/usr/lib/libcurl.4.dylib
0x00000000096b2000 	/System/Library/PrivateFrameworks/MediaKit.framework/Versions/A/MediaKit
0x00000000096b2000 	/usr/lib/libssl.0.9.8.dylib
0x00000000096b2000 	/usr/lib/libcrypto.0.9.8.dylib
0x00000000096b2000 	/System/Library/Frameworks/LDAP.framework/Versions/A/LDAP
0x00000000096b2000 	/usr/lib/libsasl2.2.dylib
0x0000000121762000 	/Library/Java/JavaVirtualMachines/jdk1.7.0_51.jdk/Contents/Home/jre/lib/libfontmanager.dylib
0x0000000121bbf000 	/Library/Java/JavaVirtualMachines/jdk1.7.0_51.jdk/Contents/Home/jre/lib/libosxui.dylib
0x0000000128c77000 	/Library/Java/JavaVirtualMachines/jdk1.7.0_51.jdk/Contents/Home/jre/lib/libnet.dylib
0x00000001289a3000 	/Library/Java/JavaVirtualMachines/jdk1.7.0_51.jdk/Contents/Home/jre/lib/libnio.dylib

VM Arguments:
jvm_args: -Djava.library.path=/Users/Xearim/opencv-2.4.8/build/lib -Dfile.encoding=US-ASCII 
java_command: robot.Main
Launcher Type: SUN_STANDARD

Environment Variables:
PATH=/usr/bin:/bin:/usr/sbin:/sbin
SHELL=/bin/bash

Signal Handlers:
SIGSEGV: [libjvm.dylib+0x525425], sa_mask[0]=0xfffefeff, sa_flags=0x00000043
SIGBUS: [libjvm.dylib+0x525425], sa_mask[0]=0xfffefeff, sa_flags=0x00000042
SIGFPE: [libjvm.dylib+0x41892a], sa_mask[0]=0xfffefeff, sa_flags=0x00000042
SIGPIPE: [libjvm.dylib+0x41892a], sa_mask[0]=0xfffefeff, sa_flags=0x00000042
SIGXFSZ: [libjvm.dylib+0x41892a], sa_mask[0]=0xfffefeff, sa_flags=0x00000042
SIGILL: [libjvm.dylib+0x41892a], sa_mask[0]=0xfffefeff, sa_flags=0x00000042
SIGUSR1: SIG_DFL, sa_mask[0]=0x00000000, sa_flags=0x00000002
SIGUSR2: [libjvm.dylib+0x41841c], sa_mask[0]=0x00000004, sa_flags=0x00000042
SIGHUP: [libjvm.dylib+0x4166ab], sa_mask[0]=0xfffefeff, sa_flags=0x00000042
SIGINT: [libjvm.dylib+0x4166ab], sa_mask[0]=0xfffefeff, sa_flags=0x00000042
SIGTERM: [libjvm.dylib+0x4166ab], sa_mask[0]=0xfffefeff, sa_flags=0x00000042
SIGQUIT: [libjvm.dylib+0x4166ab], sa_mask[0]=0xfffefeff, sa_flags=0x00000042


---------------  S Y S T E M  ---------------

OS:Bsduname:Darwin 12.5.0 Darwin Kernel Version 12.5.0: Sun Sep 29 13:33:47 PDT 2013; root:xnu-2050.48.12~1/RELEASE_X86_64 x86_64
rlimit: STACK 8192k, CORE 0k, NPROC 709, NOFILE 10240, AS infinity
load average:2.07 2.28 2.39

CPU:total 8 (4 cores per cpu, 2 threads per core) family 6 model 58 stepping 9, cmov, cx8, fxsr, mmx, sse, sse2, sse3, ssse3, sse4.1, sse4.2, popcnt, avx, aes, erms, ht, tsc, tscinvbit, tscinv

Memory: 4k page, physical 16777216k(4194304k free)

/proc/meminfo:


vm_info: Java HotSpot(TM) 64-Bit Server VM (24.51-b03) for bsd-amd64 JRE (1.7.0_51-b13), built on Dec 18 2013 18:45:56 by "java_re" with gcc 4.2.1 (Based on Apple Inc. build 5658) (LLVM build 2336.11.00)

time: Mon Jan 27 17:25:26 2014
elapsed time: 5 seconds

